<object clone="/base/obj/thing" owner="SkotOS">
  <Base:Thing>
    <Ur:UrObject/>
    <Base:Bulk immobile="false" mass="1" density="1"/>
    <Base:Container flexible="false" transparent-container="false" public-container="false" tight="false" capacity="0" maxweight="0"/>
    <Base:Misc gender="neuter" volition="false" weapon="false" default_stance="none" combinable="false" discrete="false" by_weight="false" tight="false" scriptrunner="false">
      <Base:Edible value="false"/>
      <Base:Potable value="false"/>
      <Base:DrinkMessageFirst/>
      <Base:DrinkMessageThird/>
      <Base:Transparency value="false"/>
      <Base:Unsafe value="false"/>
      <Base:Safe value="false"/>
      <Base:ClothesExpected value="false"/>
      <Base:DieMessageFirst/>
      <Base:DieMessageThird/>
    </Base:Misc>
    <Base:Details>
      <Base:Detail id="default" prime="true" def="false" abstract="false" hidden="false" luminosity="0" targetable_in_dark="false" plural="false">
        <Base:Preposition close="true" against="false" under="false" on="false" inside="false" near="true" over="false" behind="false" before="true" beside="true"/>
        <Base:Names>
          <Base:SNames>
            <Base:SName sname="water"/>
            <Base:SName sname="mug"/>
            <Base:SName sname="drink"/>
          </Base:SNames>
          <Base:PNames/>
        </Base:Names>
        <Base:Adjectives>
          <Base:Adjective adjective="of"/>
        </Base:Adjectives>
        <Base:Descriptions>
          <Base:Description type="brief">
             mug of water
          </Base:Description>
          <Base:Description type="look">
             This is a mug of water. {? | $(this.trait:poison) | It contains poison. |}
          </Base:Description>
        </Base:Descriptions>
        <Base:Exit door="false" never_obvious="false" obvious_when_open="false" hidden_when_closed="false" separate="false" self-locking="false" deadbolt="false"/>
        <Base:Climbable/>
      </Base:Detail>
    </Base:Details>
    <Base:Combat>
      <Base:Strength value="1"/>
      <Base:MaxFatigue value="1"/>
    </Base:Combat>
    <Base:Clothing>
      <Base:SingleWear value="false"/>
    </Base:Clothing>
    <Base:Crafting see_level="0" do_level="0" time="0" attention="false" held="false">
      <Base:Ingredients/>
      <Base:Tools/>
      <Base:CraftVerbs/>
    </Base:Crafting>
    <Base:InitialContents/>
    <Base:InitialProperties/>
    <Core:Properties>
      <Core:Property property="merry:react-pre:add-dob">
         X[M] /* this allows us to add a teabag to the kettle, and have the flavor carry across */

EmitTo(\$actor, "This script");

/* check if we were given a tea bag */
if(\$dob \&\& sizeof(\$dob) == 1) \{
  /* we have one object being added. check if it's a teabag */
  \$teabag = NRefOb(\$dob[0]);
\} else \{
  /* either they didn't add any objects, or they added more than one */
  return TRUE;
\}

/* check if the object is, indeed, a tea bag */
if(!\$teabag."trait:objecttype" \|\| \$teabag."trait:objecttype" != "teabag")
  return TRUE;

/* we have a teabag. */

/* should we transfer the flavor? */
/* does the kettle already have flavor? */
if(\$this."trait:flavor") \{
  EmitTo(\$actor, Describe(\$this, nil, \$actor)+ " already holds " +\$this."trait:flavor"+ " tea. You will need to empty it before attempting a new flavor.");
  EmitTo(\$actor, "Blah3-3.1 Check: Already Brewing Tea");
  return FALSE;
\}

/* the tea didn't already have flavor, so transfer it */
\$this."trait:flavor" = \$teabag."trait:flavor";
EmitTo(\$actor, "Blah-3.2: Add Tea Flavor to Kettle");

EmitTo(\$actor, "Done.");
return TRUE;

/* Here is the previous code --------------------------------------------------------------------------*/

/* EmitTo(\$actor, dump_value(args));   */

if(\$iob \&\& sizeof(\$iob) == 1) \{
    \$tea_ob = NRefOb(\$iob[0]);
    EmitTo(\$actor, "Blah-First Check");

   if(\$tea_ob."trait:objecttype" == "poison") \{
        EmitTo(\$actor, "Blah-Second Check: Objecttype");

            if(\$this."trait:poison") \{

                EmitTo(\$actor, Describe(\$this, nil, \$actor)+ " already holds " +\$this."trait:poison"+ " poison.");
                EmitTo(\$actor, "Blah3-3.1 Check: Already Contains Poison");
                return FALSE;


\}            else if(!\$this."trait:poison") \{
                \$poison = Get(\$tea_ob, "trait:poison");
                \$this."trait:flavor" = \$poison;
                EmitTo(\$actor, "Blah-3.2: Add Poison to Water");
\}
\}
\}
EmitTo(\$actor, "Blah-End");
      </Core:Property>
      <Core:Property property="merry:react-pre:add-iob">
         X[M] /* this allows us to add a teabag to the kettle, and have the flavor carry across */

EmitTo(\$actor, "This script");

/* check if we were given a tea bag */
if(\$dob \&\& sizeof(\$dob) == 1) \{
  /* we have one object being added. check if it's a teabag */
  \$teabag = NRefOb(\$dob[0]);
\} else \{
  /* either they didn't add any objects, or they added more than one */
  return TRUE;
\}

/* check if the object is, indeed, a tea bag */
if(!\$teabag."trait:objecttype" \|\| \$teabag."trait:objecttype" != "teabag")
  return TRUE;

/* we have a teabag. */

/* should we transfer the flavor? */
/* does the kettle already have flavor? */
if(\$this."trait:flavor") \{
  EmitTo(\$actor, Describe(\$this, nil, \$actor)+ " already holds " +\$this."trait:flavor"+ " tea. You will need to empty it before attempting a new flavor.");
  EmitTo(\$actor, "Blah3-3.1 Check: Already Brewing Tea");
  return FALSE;
\}

/* the tea didn't already have flavor, so transfer it */
\$this."trait:flavor" = \$teabag."trait:flavor";
EmitTo(\$actor, "Blah-3.2: Add Tea Flavor to Kettle");

EmitTo(\$actor, "Done.");
return TRUE;
      </Core:Property>
      <Core:Property property="revisions">
         (\{ 1144052085, "-", "SYNC", 1156040674, "necate", "E", 1156040841, "necate", "E", 1156041038, "necate", "P", 1156041192, "necate", "E", 1156041323, "necate", "K", 1156041347, "necate", "E", 1156041376, "necate", "E", 1156041436, "necate", "P" \})
      </Core:Property>
      <Core:Property property="skill:fatigue">1.0</Core:Property>
    </Core:Properties>
    <Notes:Notes/>
  </Base:Thing>
</object>
